Content-Type: text/plain; charset="utf-8"
MIME-Version: 1.0
Content-Transfer-Encoding: 8bit
Subject: 
 =?utf-8?b?2KjYp9iy24zYp9io24wg2q/YsNix2YjYp9qY2Ycg2K/YsSAxMjcuMC4wLjE6ODAw?=
 =?utf-8?b?MA==?=
From: webmaster@localhost
To: A.G.E.Tech@outlook.com
Date: Thu, 02 Nov 2023 08:03:22 -0000
Message-ID: <169891220212.4512.13855418675157685528@WIN-3JHG572369Q>


<!DOCTYPE html>
<meta http-equiv="content-type" content="text/html;charset=utf-8" />
<html lang="en">
<head>
    <meta charset="UTF-8">
      
  <link crossorigin="anonymous" href="https://cdn.jsdelivr.net/npm/bootstrap@5.1.3/dist/css/bootstrap.min.css" integrity="sha384-1BmE4kWBq78iYhFldvKuhfTAU6auU8tT94WrHftjDbrCEXSU1oBoqyl2QvZ6jIW3" rel="stylesheet">
  <script crossorigin="anonymous" integrity="sha384-ka7Sk0Gln4gmtz2MlQnikT1wXgYsOg+OMhuP+IlRH9sENBO0LRn5q+8nbTov4+1p" src="https://cdn.jsdelivr.net/npm/bootstrap@5.1.3/dist/js/bootstrap.bundle.min.js"></script>
    <title></title>
            <!-- Required Meta Tags Always Come First -->
        <meta name="viewport" content="width=device-width, initial-scale=1, shrink-to-fit=no">
        <link rel="stylesheet" href="https://cdn.jsdelivr.net/npm/bootstrap-icons@1.10.5/font/bootstrap-icons.css">
        <!-- Favicon -->
        <link rel="shortcut icon" href="/static/favicon.png">
        <!-- اضافه کردن فایل‌های CSS Flatpickr -->
        <link rel="stylesheet" href="https://cdn.jsdelivr.net/npm/flatpickr@4.6.9/dist/flatpickr.min.css">

        <!-- اضافه کردن فایل‌های CSS Flatpickr برای محیط راست به چپ -->
        <link rel="stylesheet" href="https://cdn.jsdelivr.net/npm/flatpickr@4.6.9/dist/themes/dark.css">

        <!-- Google Fonts -->
        <link href="https://fonts.googleapis.com/css?family=Lato&amp;display=swap" rel="stylesheet">
        <link href="http://fonts.googleapis.com/css?family=Rubik:300,400,500,700,900&amp;display=swap" rel="stylesheet">

        <!-- CSS Implementing Plugins -->
        <link rel="stylesheet" href="/static/vendor/font-awesome/css/fontawesome-all.min.css">
        <link rel="stylesheet" href="/static/css/font-mytravel.css">
        <link rel="stylesheet" href="/static/vendor/animate.css/animate.min.css">
        <link rel="stylesheet" href="/static/vendor/hs-megamenu/src/hs.megamenu.css">
        <link rel="stylesheet" href="/static/vendor/malihu-custom-scrollbar-plugin/jquery.mCustomScrollbar.css">
        <link rel="stylesheet" href="/static/vendor/flatpickr/dist/flatpickr.min.css">
        <link rel="stylesheet" href="/static/vendor/bootstrap-select/dist/css/bootstrap-select.min.css">
        <link rel="stylesheet" href="/static/vendor/slick-carousel/slick/slick.css">

        <!-- CSS MyTravel Template -->
        <link rel="stylesheet" href="/static/css/theme.css">
    
</head>
<body>

<div>Hello</div>



        <script src="https://cdn.jsdelivr.net/npm/flatpickr@4.6.9/dist/flatpickr.min.js"></script>


</body>
</html>
-------------------------------------------------------------------------------
